<?xml version="1.0" encoding="UTF-8"?>
<testng-results ignored="0" total="1" passed="1" failed="0" skipped="0">
  <reporter-output>
  </reporter-output>
  <suite started-at="2024-06-19T06:07:12 UTC" name="Suite" finished-at="2024-06-19T06:07:12 UTC" duration-ms="160">
    <groups>
    </groups>
    <test started-at="2024-06-19T06:07:12 UTC" name="Test" finished-at="2024-06-19T06:07:12 UTC" duration-ms="160">
      <class name="flipkart_Project_TEST_Classes.Flipkart_Verify_Login_Functionality">
        <test-method signature="verify_Login_Functionality()[pri:0, instance:flipkart_Project_TEST_Classes.Flipkart_Verify_Login_Functionality@3ee37e5a]" started-at="2024-06-19T06:07:12 UTC" name="verify_Login_Functionality" finished-at="2024-06-19T06:07:12 UTC" duration-ms="72" status="PASS">
          <reporter-output>
          </reporter-output>
        </test-method> <!-- verify_Login_Functionality -->
      </class> <!-- flipkart_Project_TEST_Classes.Flipkart_Verify_Login_Functionality -->
    </test> <!-- Test -->
  </suite> <!-- Suite -->
</testng-results>
